<?xml version="1.0" encoding="utf-8"?><testsuites><testsuite name="pytest" errors="0" failures="0" skipped="0" tests="4" time="227.373" timestamp="2024-12-22T21:54:51.200645-05:00" hostname="DESKTOP-2H998CT"><testcase classname="tests.model.test_model.TestModel" name="test_model_fit" time="53.700" /><testcase classname="tests.model.test_model.TestModel" name="test_model_predict" time="54.219" /><testcase classname="tests.model.test_model.TestModel" name="test_model_preprocess_for_serving" time="53.890" /><testcase classname="tests.model.test_model.TestModel" name="test_model_preprocess_for_training" time="55.153" /></testsuite></testsuites>