<?xml version="1.0" encoding="utf-8"?><testsuites><testsuite name="pytest" errors="0" failures="0" skipped="0" tests="4" time="4.855" timestamp="2024-12-22T23:12:53.972852-05:00" hostname="DESKTOP-2H998CT"><testcase classname="tests.api.test_api.TestBatchPipeline" name="test_should_failed_unkown_column_1" time="0.135" /><testcase classname="tests.api.test_api.TestBatchPipeline" name="test_should_failed_unkown_column_2" time="0.007" /><testcase classname="tests.api.test_api.TestBatchPipeline" name="test_should_failed_unkown_column_3" time="0.007" /><testcase classname="tests.api.test_api.TestBatchPipeline" name="test_should_get_predict" time="0.072" /></testsuite></testsuites>